null;; www.rusprofile.ru;; 2900;; 4.396551724137924;;
null;; www.k-agent.ru;; 2047;; 8.063019052271631;; 
null;; www.spark-interfax.ru;; 1535;; 10.158957654723123;; 
null;; focus.kontur.ru;; 1231;; 12.234768480909832;; 
null;; www.list-org.com;; 1162;; 12.536144578313253;; 
null;; sbis.ru;; 660;; 13.63030303030303;; 
null;; ru.linkedin.com;; 579;; 14.433506044905009;; 
null;; www.prima-inform.ru;; 381;; 15.569553805774278;; 
null;; www.orgpage.ru;; 359;; 16.986072423398348;; 
null;; moscow.cataloxy.ru;; 306;; 14.522875816993464;; 
null;; hh.ru;; 274;; 14.682481751824817;; 
null;; www.yell.ru;; 261;; 15.272030651340996;; 
null;; synapsenet.ru;; 248;; 16.459677419354836;; 
null;; 2gis.ru;; 202;; 17.37128712871288;; 
null;; www.facebook.com;; 202;; 15.970297029702973;; 
null;; vk.com;; 200;; 18.035000000000014;; 
null;; bir.1prime.ru;; 190;; 15.95789473684211;; 
null;; www.job-mo.ru;; 179;; 13.597765363128493;; 
null;; www.b2b-center.ru;; 179;; 16.558659217877086;; 
null;; www.youtube.com;; 129;; 16.22480620155039;; 
null;; www.superjob.ru;; 120;; 15.891666666666671;; 
null;; ru.indeed.com;; 118;; 18.26271186440678;; 
null;; rubrikator.org;; 118;; 16.008474576271183;; 
null;; www.b2b-project.ru;; 114;; 15.166666666666666;; 
null;; bizorg.su;; 103;; 17.543689320388353;; 
null;; ru.wikipedia.org;; 91;; 14.824175824175825;; 
null;; zachestnyibiznes.ru;; 84;; 15.98809523809524;; 
null;; jams.ru;; 83;; 15.75903614457831;; 
null;; asktel.ru;; 82;; 17.780487804878053;; 
null;; ru.jooble.org;; 76;; 15.31578947368421;; 
null;; moikrug.ru;; 74;; 16.78378378378378;; 
null;; issuu.com;; 68;; 18.382352941176478;; 
null;; www.rabota.ru;; 64;; 15.625;; 
null;; info.1cont.ru;; 64;; 16.65625;; 
null;; manageru.net;; 64;; 15.234375;; 
null;; st-petersburg.cataloxy.ru;; 58;; 16.827586206896555;; 
null;; www.dissercat.com;; 57;; 19.964912280701757;; 
null;; rusceo.com;; 57;; 12.842105263157896;; 
null;; neftegaz.ru;; 56;; 17.732142857142858;; 
null;; joblab.ru;; 54;; 18.388888888888893;; 
null;; career.ru;; 54;; 15.38888888888889;; 
null;; agroserver.ru;; 52;; 15.26923076923077;; 
null;; pravda-sotrudnikov.ru;; 51;; 16.94117647058823;; 
null;; moscow.gks.ru;; 51;; 17.843137254901958;; 
null;; gmstar.ru;; 50;; 15.16;; 
null;; www.linkedin.com;; 50;; 17.159999999999997;; 
null;; www.importgenius.com;; 49;; 16.877551020408163;; 
null;; iskalko.ru;; 49;; 19.204081632653065;; 
null;; www.instagram.com;; 48;; 16.874999999999996;; 
null;; yandex.ru;; 44;; 17.659090909090907;; 
null;; business-rating.company;; 43;; 14.790697674418604;; 
null;; docplayer.ru;; 41;; 13.902439024390244;; 
null;; www.ozon.ru;; 40;; 15.325;; 
null;; www.b2b-energo.ru;; 40;; 16.874999999999996;; 
null;; exposo.me;; 39;; 15.384615384615385;; 
null;; globalstat.ru;; 38;; 12.73684210526316;; 
null;; www.b2bsky.ru;; 38;; 17.55263157894737;; 
null;; www.mskbnk.ru;; 38;; 12.421052631578945;; 
null;; www.kommersant.ru;; 37;; 16.43243243243243;; 
null;; www.elec.ru;; 35;; 16.428571428571427;; 
null;; shop.telspr.ru;; 34;; 12.470588235294118;; 
null;; retwork.com;; 34;; 19.176470588235293;; 
null;; www.tadviser.ru;; 32;; 16.343749999999996;; 
null;; ok.ru;; 31;; 14.548387096774194;; 
null;; www.avito.ru;; 31;; 17.129032258064516;; 
null;; 4geo.ru;; 31;; 18.06451612903226;; 
null;; neotorg.com;; 30;; 14.8;; 
null;; ru.esosedi.org;; 30;; 16.633333333333333;; 
null;; novosibirsk.cataloxy.ru;; 30;; 18.333333333333332;; 
null;; msk365.ru;; 29;; 16.20689655172414;; 
null;; ru.similarsites.com;; 28;; 20.285714285714285;; 
null;; www.bisgram.ru;; 28;; 16.678571428571427;; 
null;; irecommend.ru;; 28;; 16.964285714285715;; 
null;; knowledge.allbest.ru;; 27;; 19.925925925925934;; 
null;; www.testfirm.ru;; 27;; 14.25925925925926;; 
null;; www.shop.telspr.ru;; 27;; 16.481481481481485;; 
null;; ruscifra.ru;; 27;; 13.555555555555555;; 
null;; novosibirsk.flamp.ru;; 27;; 17.814814814814813;; 
null;; moscow.flamp.ru;; 26;; 12.461538461538462;; 
null;; www.farpost.ru;; 26;; 18.03846153846154;; 
null;; moskva.manageru.net;; 25;; 15.44;; 
null;; www.equipnet.ru;; 25;; 18.32;; 
null;; otzyvyrabotnikov.ru;; 24;; 10.791666666666666;; 
null;; www.consultant.ru;; 24;; 17.083333333333332;; 
null;; orabote.top;; 24;; 18.208333333333336;; 
null;; www.postavshhiki.ru;; 24;; 15.291666666666666;; 
null;; tiu.ru;; 24;; 17.249999999999996;; 
null;; ua.bizorg.su;; 23;; 17.565217391304348;; 
null;; www.mrm.ru;; 23;; 13.652173913043478;; 
null;; www.belarusinfo.by;; 23;; 16.52173913043478;; 
null;; www.korabel.ru;; 22;; 19.5;; 
null;; www.domkadrov.ru;; 22;; 23.954545454545453;; 
null;; studfiles.net;; 22;; 17.545454545454536;; 
null;; findercom.ru;; 22;; 17.318181818181817;; 
null;; antijob.net;; 22;; 16.363636363636363;; 
null;; ekaterinburg.cataloxy.ru;; 22;; 17.954545454545453;; 
null;; www.rlsnet.ru;; 22;; 14.0;; 
null;; orabote.biz;; 21;; 17.095238095238095;; 
null;; market.yandex.ru;; 21;; 19.571428571428573;; 
null;; jobs.tut.by;; 21;; 15.571428571428571;; 
null;; addcatalogs.manyweb.ru;; 20;; 16.6;; 
null;; infourok.ru;; 20;; 19.6;; 
null;; casebook.ru;; 19;; 16.789473684210527;; 
null;; www.tenderguru.ru;; 19;; 17.31578947368421;; 
null;; cyberleninka.ru;; 19;; 18.42105263157895;; 
null;; professionali.ru;; 18;; 11.38888888888889;; 
null;; spb.propartner.ru;; 18;; 17.11111111111111;; 
null;; ua.linkedin.com;; 18;; 18.444444444444443;; 
null;; okato.net;; 18;; 18.166666666666668;; 
null;; comreport.ru;; 18;; 14.38888888888889;; 
null;; www.emis.com;; 17;; 13.352941176470589;; 
null;; www.aviaport.ru;; 17;; 16.529411764705884;; 
null;; www.vokrug.tv;; 17;; 17.470588235294116;; 
null;; pandia.ru;; 17;; 18.70588235294118;; 
null;; www.nn.ru;; 17;; 17.58823529411765;; 
null;; www.wiw-rf.ru;; 17;; 19.058823529411764;; 
null;; otherreferats.allbest.ru;; 16;; 23.25;; 
null;; energybase.ru;; 16;; 19.25;; 
null;; www.litres.ru;; 16;; 20.1875;; 
null;; moscow.propartner.ru;; 16;; 13.0;; 
null;; sk.ru;; 16;; 9.3125;; 
null;; krasnodar.tiu.ru;; 15;; 15.6;; 
null;; www.metaltorg.ru;; 15;; 16.066666666666666;; 
null;; www.docme.ru;; 15;; 19.0;; 
null;; organizacii.mwmoskva.ru;; 15;; 15.066666666666666;; 
null;; zaycev.net;; 15;; 17.333333333333332;; 
null;; inndex.ru;; 15;; 14.4;; 
null;; ru-ru.facebook.com;; 15;; 19.866666666666667;; 
null;; moskva.tiu.ru;; 15;; 20.133333333333333;; 
null;; archive.org;; 15;; 16.2;; 
null;; www.easycounter.com;; 14;; 13.5;; 
null;; moscow.flagma.ru;; 14;; 12.785714285714286;; 
null;; okpo.ru;; 14;; 12.714285714285714;; 
null;; rostov-na-donu.cataloxy.ru;; 14;; 15.142857142857142;; 
null;; lenta.ru;; 14;; 20.571428571428573;; 
null;; kontragent.skrin.ru;; 14;; 15.428571428571429;; 
null;; twitter.com;; 14;; 18.142857142857142;; 
null;; spb.rabota.ru;; 14;; 13.785714285714286;; 
null;; www.garant.ru;; 14;; 16.857142857142858;; 
null;; xn-----6kcababn1dlbgkrqnkik2d0hrepahdi.xn--p1ai;; 14;; 15.071428571428571;; 
null;; www.spr.ru;; 14;; 13.285714285714286;; 
null;; msk.yp.ru;; 14;; 18.428571428571427;; 
null;; www.similarsites.com;; 14;; 20.785714285714285;; 
null;; www.audit-it.ru;; 14;; 15.5;; 
null;; moscowgid.net;; 13;; 20.076923076923077;; 
null;; my1861.com;; 13;; 14.23076923076923;; 
null;; funpromo.ru;; 13;; 16.615384615384617;; 
null;; forum.auto.ru;; 13;; 13.461538461538462;; 
null;; samara.cataloxy.ru;; 13;; 14.692307692307692;; 
null;; sudact.ru;; 13;; 18.53846153846154;; 
null;; kazan.cataloxy.ru;; 13;; 17.615384615384617;; 
null;; querycom.ru;; 13;; 16.307692307692307;; 
null;; iknigi.net;; 12;; 19.333333333333332;; 
null;; catalog.moscow-export.com;; 12;; 14.75;; 
null;; www.infomesto.com;; 12;; 18.416666666666664;; 
null;; www.org77.ru;; 12;; 13.583333333333334;; 
null;; nizhni-novgorod.cataloxy.ru;; 12;; 15.916666666666666;; 
null;; ufa.cataloxy.ru;; 12;; 16.333333333333332;; 
null;; zakupki.ru;; 12;; 15.166666666666666;; 
null;; www.ivi.ru;; 12;; 15.5;; 
null;; www.calameo.com;; 12;; 17.416666666666668;; 
null;; spb.tiu.ru;; 12;; 19.916666666666668;; 
null;; bizprofiles.ru;; 12;; 14.583333333333334;; 
null;; msk.blizko.ru;; 12;; 19.083333333333332;; 
null;; unfall.ru;; 12;; 21.333333333333332;; 
null;; spark-interfax.ru;; 12;; 12.333333333333334;; 
null;; exacom.ru;; 12;; 12.583333333333334;; 
null;; www.business-gazeta.ru;; 12;; 22.833333333333332;; 
null;; spb.superjob.ru;; 12;; 20.25;; 
null;; www.tuugo.ru;; 11;; 19.454545454545453;; 
null;; mestam.info;; 11;; 18.09090909090909;; 
null;; spravkatver.ru;; 11;; 17.272727272727273;; 
null;; allinfo24.ru;; 11;; 20.272727272727273;; 
null;; www.work.ua;; 11;; 15.272727272727273;; 
null;; www.e1.ru;; 11;; 20.181818181818183;; 
null;; www.vidal.ru;; 11;; 15.909090909090908;; 
null;; www.ua-region.info;; 11;; 18.454545454545453;; 
null;; docs.cntd.ru;; 11;; 19.454545454545453;; 
null;; ua.kompass.com;; 11;; 17.09090909090909;; 
null;; kadu.ru;; 11;; 22.636363636363637;; 
null;; stroitelstvo.org;; 11;; 18.09090909090909;; 
null;; krasnoyarsk.tiu.ru;; 11;; 16.272727272727273;; 
null;; 3goroda.ru;; 11;; 12.272727272727273;; 
null;; chelyabinsk.cataloxy.ru;; 11;; 17.545454545454547;; 
null;; www.myshared.ru;; 11;; 13.090909090909092;; 
null;; company.unipack.ru;; 11;; 13.454545454545455;; 
null;; volgograd.cataloxy.ru;; 11;; 19.727272727272727;; 
null;; www.fabrikant.ru;; 11;; 20.363636363636363;; 
null;; my.mail.ru;; 10;; 17.5;; 
null;; literdon.com;; 10;; 8.9;; 
null;; catalog.transinfo.by;; 10;; 16.8;; 
null;; employmentcenter.ru;; 10;; 15.4;; 
null;; samaraprice.ru;; 10;; 16.4;; 
null;; deal.by;; 10;; 17.0;; 
null;; biglistofwebsites.com;; 10;; 20.7;; 
null;; regnum.ru;; 10;; 16.5;; 
null;; www.afisha.ru;; 10;; 13.5;; 
null;; www.sitebase.ru;; 10;; 15.9;; 
null;; music.yandex.ru;; 10;; 19.0;; 
null;; www.ruscable.ru;; 10;; 19.8;; 
null;; xn----7sbabolu1ao0agqfi6e.xn--p1ai;; 10;; 15.7;; 
null;; flagma.ru;; 10;; 14.2;; 
null;; www.metalweb.ru;; 10;; 13.1;; 
null;; www.utkonos.ru;; 10;; 14.1;; 
null;; www.moyareklama.ru;; 10;; 18.6;; 
null;; komu.info;; 10;; 16.7;; 
null;; ved-import.com;; 10;; 16.0;; 
null;; subscribe.ru;; 10;; 21.8;; 
null;; mxkr.ru;; 10;; 18.0;; 
null;; minsvyaz.ru;; 9;; 20.22222222222222;; 
null;; jurist.by;; 9;; 13.555555555555555;; 
null;; www.otzywy.com;; 9;; 19.88888888888889;; 
null;; sgpa.ru;; 9;; 13.0;; 
null;; moskva.tradedir.ru;; 9;; 15.222222222222221;; 
null;; www.iural.ru;; 9;; 12.777777777777779;; 
null;; sakhalin.biz;; 9;; 19.11111111111111;; 
null;; ria.ru;; 9;; 17.666666666666668;; 
null;; 4science.ru;; 9;; 9.555555555555555;; 
null;; health.yandex.ru;; 9;; 13.333333333333334;; 
null;; www.slideshare.net;; 9;; 18.0;; 
null;; xn----7sbfbqq4deedd2d1bu.xn--p1ai;; 9;; 18.444444444444443;; 
null;; eltbi.ru;; 9;; 12.11111111111111;; 
null;; iz.ru;; 9;; 18.444444444444443;; 
null;; msk.rosrabota.ru;; 9;; 17.77777777777778;; 
null;; moskva.regtorg.ru;; 9;; 19.0;; 
null;; www.cmlt.ru;; 9;; 16.666666666666668;; 
null;; fasie.ru;; 9;; 12.666666666666666;; 
null;; www.osp.ru;; 9;; 14.0;; 
null;; kaapri.com;; 9;; 13.222222222222221;; 
null;; www.ok.ru;; 9;; 17.0;; 
null;; www.elle.ru;; 9;; 15.666666666666666;; 
null;; sites.google.com;; 9;; 16.444444444444443;; 
null;; tebiz.ru;; 9;; 11.0;; 
null;; orgpage.com.ua;; 9;; 18.333333333333332;; 
null;; rostov.propartner.ru;; 9;; 13.0;; 
null;; megasklad.ru;; 9;; 15.666666666666666;; 
null;; mstelecom.ru;; 9;; 13.88888888888889;; 
null;; www.1-urist.ru;; 9;; 20.22222222222222;; 
null;; www.infobel.com;; 9;; 21.11111111111111;; 
null;; rabotavia.ru;; 9;; 21.444444444444443;; 
null;; www.novostroy.su;; 8;; 18.25;; 
null;; v8.1c.ru;; 8;; 13.625;; 
null;; habr.com;; 8;; 16.0;; 
null;; www.webkursovik.ru;; 8;; 16.625;; 
null;; all-pribors.ru;; 8;; 14.0;; 
null;; www.eg.ru;; 8;; 15.625;; 
null;; www.tokem.ru;; 8;; 14.5;; 
null;; ogrn.ru;; 8;; 13.625;; 
null;; ntc.gazprom-neft.ru;; 8;; 15.875;; 
null;; wikimapia.org;; 8;; 16.75;; 
null;; pravo.ru;; 8;; 16.0;; 
null;; www.vl.ru;; 8;; 16.25;; 
null;; niishp2.ru;; 8;; 18.125;; 
null;; www.asv.org.ru;; 8;; 16.0;; 
null;; kompasyalta.ru;; 8;; 23.75;; 
null;; www.monolit.energy;; 8;; 16.375;; 
null;; beton.ru;; 8;; 17.375;; 
null;; popgun.ru;; 8;; 17.375;; 
null;; notecom.biz;; 8;; 12.125;; 
null;; by.linkedin.com;; 8;; 16.125;; 
null;; dic.academic.ru;; 8;; 14.75;; 
null;; www.infoskidka.ru;; 8;; 14.5;; 
null;; www.kinonews.ru;; 8;; 16.875;; 
null;; minsk.deal.by;; 8;; 21.25;; 
null;; krasnoyarsk.flamp.ru;; 8;; 18.375;; 
null;; www.regfile.ru;; 8;; 13.375;; 
null;; krasnodar.cataloxy.ru;; 8;; 17.25;; 
null;; www.2-999-999.ru;; 8;; 18.125;; 
null;; www.dveriilysh.ru;; 8;; 22.875;; 
null;; b2bpoisk.ru;; 7;; 14.285714285714286;; 
null;; allsoft.ru;; 7;; 8.857142857142858;; 
null;; zakupki.kontur.ru;; 7;; 17.857142857142858;; 
null;; firma-tami.ru;; 7;; 25.857142857142858;; 
null;; store.softline.ru;; 7;; 16.142857142857142;; 
null;; www.jobowork.ru;; 7;; 16.428571428571427;; 
null;; www.rabota-ipoisk.ru;; 7;; 17.571428571428573;; 
null;; www.woman.ru;; 7;; 15.142857142857142;; 
null;; www.fishnet.ru;; 7;; 19.428571428571427;; 
null;; www.careerjet.ru;; 7;; 16.571428571428573;; 
null;; optlist.ru;; 7;; 20.571428571428573;; 
null;; rutracker.org;; 7;; 14.857142857142858;; 
null;; novosibirsk.tiu.ru;; 7;; 18.142857142857142;; 
null;; firmatrade.org;; 7;; 9.714285714285714;; 
null;; ntcea.ru;; 7;; 13.857142857142858;; 
null;; nn.all-gorod.ru;; 7;; 12.857142857142858;; 
null;; iprim.ru;; 7;; 11.857142857142858;; 
null;; voronezh.cataloxy.ru;; 7;; 22.0;; 
null;; www.remontnik.ru;; 7;; 11.714285714285714;; 
null;; dropdoc.ru;; 7;; 19.714285714285715;; 
null;; www.ecodor.ru;; 7;; 20.571428571428573;; 
null;; readmanga.me;; 7;; 17.714285714285715;; 
null;; www.m24.ru;; 7;; 15.428571428571429;; 
null;; sdelanounas.ru;; 7;; 18.285714285714285;; 
null;; polpred.com;; 7;; 17.714285714285715;; 
null;; www.cosmo.ru;; 7;; 18.571428571428573;; 
null;; apteka.ru;; 7;; 20.285714285714285;; 
null;; nppgst.ru;; 7;; 15.571428571428571;; 
null;; zoon.ru;; 7;; 15.571428571428571;; 
null;; russia.jobisjob.com;; 7;; 21.428571428571427;; 
null;; www.fakels.ru;; 7;; 20.428571428571427;; 
null;; multiurok.ru;; 6;; 14.833333333333334;; 
null;; www.kupongid.ru;; 6;; 23.166666666666668;; 
null;; okna.ua;; 6;; 24.0;; 
null;; textarchive.ru;; 6;; 23.5;; 
null;; ru.jobsora.com;; 6;; 16.5;; 
null;; www.avto-vit.ru;; 6;; 7.666666666666667;; 
null;; www.9111.ru;; 6;; 13.5;; 
null;; spb.hh.ru;; 6;; 22.0;; 
null;; whoiswho.dp.ru;; 6;; 19.0;; 
null;; ntcmt.ru;; 6;; 15.666666666666666;; 
null;; solutions.1c.ru;; 6;; 16.833333333333332;; 
null;; www.technolog63.ru;; 6;; 18.0;; 
null;; www.lawmix.ru;; 6;; 13.333333333333334;; 
null;; news.sportbox.ru;; 6;; 22.0;; 
null;; www.vnutri.org;; 6;; 12.333333333333334;; 
null;; studentbank.ru;; 6;; 19.166666666666668;; 
null;; www.catalogfactory.org;; 6;; 10.833333333333334;; 
null;; umakt.com;; 6;; 14.833333333333334;; 
null;; abrisplus.ru;; 6;; 13.333333333333334;; 
null;; chel.propartner.ru;; 6;; 18.833333333333332;; 
null;; viperson.ru;; 6;; 21.333333333333332;; 
null;; ekaterinburg.flamp.ru;; 6;; 18.666666666666668;; 
null;; www.twirpx.com;; 6;; 20.333333333333332;; 
null;; www.b2b-bashneft.ru;; 6;; 20.666666666666668;; 
null;; rostov.hh.ru;; 6;; 19.5;; 
null;; shirpotreba.net;; 6;; 10.0;; 
null;; www.propartner.ru;; 6;; 14.666666666666666;; 
null;; roscontrol.com;; 6;; 16.0;; 
null;; kazan.hh.ru;; 6;; 20.0;; 
null;; mimpress.ru;; 6;; 14.833333333333334;; 
null;; careerist.ru;; 6;; 17.166666666666668;; 
null;; www.exponet.ru;; 6;; 19.333333333333332;; 
null;; platiuslugi.ru;; 6;; 13.833333333333334;; 
null;; moscow.roskazna.ru;; 6;; 12.333333333333334;; 
null;; marketpublishers.ru;; 6;; 21.0;; 
null;; www.ist-budget.ru;; 6;; 11.166666666666666;; 
null;; rucompromat.com;; 6;; 12.666666666666666;; 
null;; perm.cataloxy.ru;; 6;; 15.5;; 
null;; www.prostanki.com;; 6;; 17.0;; 
null;; prombelt.com;; 6;; 21.833333333333332;; 
null;; rabota.ua;; 6;; 17.333333333333332;; 
null;; forsltd.ru;; 6;; 8.833333333333334;; 
null;; e-ecolog.ru;; 6;; 19.5;; 
null;; pravoved.ru;; 6;; 13.5;; 
null;; tekhnosfera.com;; 6;; 20.333333333333332;; 
null;; www.rbc.ru;; 6;; 14.5;; 
null;; revolution.allbest.ru;; 6;; 22.5;; 
null;; www.ptk.ru;; 6;; 8.666666666666666;; 
null;; www.buhonline.ru;; 6;; 16.833333333333332;; 
null;; news.unipack.ru;; 6;; 22.666666666666668;; 
null;; ntc-siberia.ru;; 6;; 17.666666666666668;; 
null;; xn----7sbxqtjar9g.xn--p1ai;; 6;; 16.5;; 
null;; by.kompass.com;; 6;; 20.333333333333332;; 
null;; www.bestreferat.ru;; 6;; 22.5;; 

null;; www.niann.ru;; 5;; 21.2;; 
null;; myslo.ru;; 5;; 16.6;; 
null;; m.avito.ru;; 5;; 22.8;; 
null;; sankt-peterburg.manageru.net;; 5;; 17.4;; 
null;; plus.google.com;; 5;; 17.8;; 
null;; www.ntcentr.com;; 5;; 17.0;; 
null;; moskva.bezformata.com;; 5;; 18.8;; 
null;; postindex.esosedi.ru;; 5;; 16.8;; 
null;; izhtrud.ru;; 5;; 12.6;; 
null;; hh.ua;; 5;; 7.8;; 
null;; www.stroybest.ru;; 5;; 17.2;; 
null;; krasnodar.superjob.ru;; 5;; 16.4;; 
null;; productcenter.ru;; 5;; 18.8;; 
null;; krasnoyarsk.cataloxy.ru;; 5;; 14.0;; 
null;; yaroslavl.cataloxy.ru;; 5;; 17.4;; 
null;; www.gazprom.ru;; 5;; 16.2;; 
null;; infored.ru;; 5;; 17.2;; 
null;; www.hse.ru;; 5;; 12.2;; 
null;; dorogann.ru;; 5;; 23.0;; 
null;; kazan.blizko.ru;; 5;; 23.8;; 
null;; www.apoi.ru;; 5;; 14.0;; 
null;; stroi.mos.ru;; 5;; 15.0;; 
null;; contragents.ru;; 5;; 12.8;; 
null;; plastinfo.ru;; 5;; 13.4;; 
null;; tv.yandex.ru;; 5;; 17.8;; 
null;; www.autodrive.ru;; 5;; 16.6;; 
null;; videouroki.net;; 5;; 18.6;; 
null;; www.board.com.ua;; 5;; 13.6;; 
null;; www.cnews.ru;; 5;; 10.0;; 
null;; xreferat.com;; 5;; 20.6;; 
null;; www.rusanalogi.ru;; 5;; 9.8;; 
null;; www.cryptopro.ru;; 5;; 11.6;; 
null;; apn-nn.com;; 5;; 21.0;; 
null;; www.ircenter.ru;; 5;; 23.6;; 
null;; www.msouz.ru;; 5;; 20.4;; 
null;; www.zhkh.su;; 5;; 10.0;; 
null;; mingkh.ru;; 5;; 21.8;; 
null;; www.compromat.ru;; 5;; 17.6;; 
null;; delightmsk.ru;; 5;; 20.2;; 
null;; omsk.cataloxy.ru;; 5;; 22.0;; 
null;; nppst.com;; 5;; 22.6;; 
null;; ooo-ras.ru;; 5;; 18.4;; 
null;; prodoctorov.ru;; 5;; 21.8;; 
null;; npp-promtech.ru;; 5;; 19.4;; 
null;; otzyvyorabote.ru;; 5;; 21.2;; 
null;; gk-profit.ru;; 5;; 14.6;; 
null;; msk.tizu.ru;; 5;; 10.2;; 
null;; saratov.cataloxy.ru;; 5;; 19.8;; 
null;; digital.gov.ru;; 5;; 12.8;; 
null;; firmasplav.ru;; 5;; 15.4;; 
null;; belgorod.cataloxy.ru;; 5;; 16.6;; 
null;; cherkizovolab.ru;; 5;; 18.8;; 
null;; graduates.name;; 5;; 17.0;; 
null;; www.firmapartner.com;; 5;; 24.4;; 
null;; www.znak.com;; 5;; 12.8;; 
null;; gigabaza.ru;; 5;; 11.0;; 
null;; www.td-szpo.com;; 5;; 11.0;; 
null;; medside.ru;; 5;; 13.6;; 
null;; www.ruward.ru;; 5;; 11.8;; 
null;; www.egrul.com;; 5;; 10.0;; 
null;; www.ifcg.ru;; 5;; 16.0;; 
null;; start33.ru;; 5;; 17.4;; 
null;; aerocable.ru;; 5;; 22.0;; 
null;; www.pfrrt.ru;; 5;; 19.6;; 
null;; samara.tiu.ru;; 5;; 11.6;; 
null;; catalog.expocentr.ru;; 5;; 12.0;; 
null;; gisprofi.com;; 5;; 18.2;; 
null;; www.b2b-mrsk.ru;; 5;; 18.8;; 
null;; dezko.ru;; 5;; 19.8;; 
null;; inteksar.ru;; 5;; 20.6;; 
null;; www.finmarket.ru;; 5;; 10.8;; 
null;; kompius.ru;; 5;; 17.6;; 
null;; www.goodsmatrix.ru;; 5;; 12.0;; 
null;; ekb.propartner.ru;; 5;; 20.2;; 
null;; tolyatti.cataloxy.ru;; 5;; 15.8;; 
null;; reestr.nostroy.ru;; 5;; 18.4;; 
null;; kiev.glo.ua;; 5;; 16.0;; 
null;; samara.propartner.ru;; 5;; 20.8;; 
null;; cbr.ru;; 5;; 24.8;; 
null;; ntcsnos.ru;; 5;; 24.8;; 
null;; www.tara-plastic116.ru;; 4;; 23.25;; 
null;; gbs-nv.ru;; 4;; 21.75;; 
null;; nppatp.com;; 4;; 11.5;; 
null;; az-nkt.ru;; 4;; 6.75;; 
null;; dnepr-kontrakt.com;; 4;; 23.75;; 
null;; rostender.info;; 4;; 15.25;; 
null;; xn--80aadjlwktfy.xn--p1ai;; 4;; 16.75;; 
null;; earthpapers.net;; 4;; 22.75;; 
null;; roem.ru;; 4;; 8.75;; 
null;; counter.nn.ru;; 4;; 19.25;; 
null;; www.ivolga.tv;; 4;; 20.5;; 
null;; nposngs.com;; 4;; 17.25;; 
null;; www.catalogmineralov.ru;; 4;; 14.75;; 
null;; himdzr.ru;; 4;; 11.0;; 
null;; www.e-disclosure.ru;; 4;; 12.75;; 
null;; www.kupilskazal.ru;; 4;; 18.25;; 
null;; www.kkrus.com;; 4;; 16.25;; 
null;; www.nports.ru;; 4;; 17.75;; 
null;; eqbiz.ru;; 4;; 15.75;; 
null;; www.ovideo.ru;; 4;; 16.25;; 
null;; www.triz-ri.ru;; 4;; 21.0;; 
null;; www.moscowmap.ru;; 4;; 18.0;; 
null;; www.bookvoed.ru;; 4;; 21.75;; 
null;; www.houzz.ru;; 4;; 22.25;; 
null;; irkutsk.cataloxy.ru;; 4;; 20.5;; 
null;; istina.msu.ru;; 4;; 11.5;; 
null;; www.rostar.biz;; 4;; 16.0;; 
null;; www.finam.ru;; 4;; 7.75;; 
null;; club.cnews.ru;; 4;; 22.5;; 
null;; bankir.ru;; 4;; 15.25;; 
null;; minpromtorg.gov.ru;; 4;; 15.25;; 
null;; www.hccomposite.com;; 4;; 14.75;; 
null;; msk.spravker.ru;; 4;; 16.25;; 
null;; pro.fira.ru;; 4;; 21.5;; 
null;; praca.by;; 4;; 13.75;; 
null;; www.s4jobs.ru;; 4;; 20.0;; 
null;; moskva.best-stroy.ru;; 4;; 16.25;; 
null;; milknet.ru;; 4;; 20.25;; 
null;; www.lsgeotar.ru;; 4;; 20.75;; 
null;; vlegale.ru;; 4;; 6.25;; 
null;; asninfo.ru;; 4;; 25.0;; 
null;; git77.rostrud.ru;; 4;; 15.5;; 
null;; www.chipfind.ru;; 4;; 20.5;; 
null;; www.olgood.ru;; 4;; 24.25;; 
null;; www.kom-dir.ru;; 4;; 22.75;; 
null;; www.liveexpert.ru;; 4;; 11.0;; 
null;; sibgenco.ru;; 4;; 14.25;; 
null;; cheboksary.cataloxy.ru;; 4;; 18.0;; 
null;; ekat.all-gorod.ru;; 4;; 25.0;; 
null;; el-torg.com;; 4;; 22.25;; 
null;; www.lekarite.info;; 4;; 25.25;; 
null;; startpack.ru;; 4;; 5.75;; 
null;; barnaul.cataloxy.ru;; 4;; 24.0;; 
null;; egrul-egrip.ru;; 4;; 13.0;; 
null;; alfabank.ru;; 4;; 19.0;; 
null;; fis.ru;; 4;; 12.75;; 
null;; myklad.org;; 4;; 19.5;; 
null;; www.kontex.ru;; 4;; 20.5;; 
null;; tyumen.cataloxy.ru;; 4;; 14.75;; 
null;; lardi-trans.com;; 4;; 25.0;; 
null;; emitent.1prime.ru;; 4;; 9.25;; 
null;; psaonline.ru;; 4;; 9.25;; 
null;; basis.myseldon.com;; 4;; 10.5;; 
null;; npptez.ru;; 4;; 21.25;; 
null;; www.i-mash.ru;; 4;; 16.75;; 
null;; www.tdmetropol.ru;; 4;; 11.25;; 
null;; www.alfacapital.ru;; 4;; 20.75;; 
null;; lori.ru;; 4;; 22.75;; 
null;; rostov.tiu.ru;; 4;; 22.0;; 
null;; moskva.okato.net;; 4;; 22.75;; 
null;; metro.mwmoskva.ru;; 4;; 17.0;; 
null;; gazsnab96.ru;; 4;; 17.75;; 
null;; www.abok.ru;; 4;; 18.0;; 
null;; news.ngs.ru;; 4;; 12.75;; 
null;; www.it-world.ru;; 4;; 14.0;; 
null;; chelyabinsk.tiu.ru;; 4;; 22.75;; 
null;; www.picodi.com;; 4;; 19.0;; 
null;; mirznanii.com;; 4;; 18.25;; 
null;; www.gastronom.ru;; 4;; 19.25;; 
null;; www.vedomosti.ru;; 4;; 20.5;; 
null;; cbonds.ru;; 4;; 20.0;; 
null;; insoftcorp.ru;; 4;; 22.25;; 
null;; www.mskbizinfo.ru;; 4;; 21.25;; 
null;; mozze.ru;; 4;; 12.75;; 
null;; ivanovo.cataloxy.ru;; 4;; 20.0;; 
null;; moskovskaya-oblast.cataloxy.ru;; 4;; 18.0;; 
null;; ktostroit.ru;; 4;; 24.0;; 
null;; moskva.bezformata.ru;; 4;; 24.25;; 
null;; pirs.su;; 4;; 16.25;; 
null;; www.sberbank.ru;; 4;; 17.25;; 
null;; www.retail.ru;; 4;; 16.5;; 
null;; www.ruprom.ru;; 4;; 23.0;; 
null;; tomsk.cataloxy.ru;; 4;; 13.25;; 
null;; msk.agroserver.ru;; 4;; 15.75;; 
null;; perm.propartner.ru;; 4;; 12.0;; 
null;; www.globalcio.ru;; 4;; 17.0;; 
null;; www.books.ru;; 4;; 23.25;; 
null;; all.biz;; 4;; 20.5;; 
null;; www.r52.ru;; 4;; 24.5;; 
null;; whokpo.com;; 4;; 18.0;; 
null;; www.rusnano.com;; 4;; 19.25;; 
null;; solutions.fas.gov.ru;; 4;; 21.0;; 
null;; stavropol.cataloxy.ru;; 4;; 16.25;; 
null;; www.energyland.info;; 4;; 22.25;; 
null;; bpages.ru;; 4;; 14.75;; 
null;; www.pro-goszakaz.ru;; 4;; 18.25;; 
null;; medical-diss.com;; 4;; 18.75;; 
null;; reestr-np-sbo.ru;; 4;; 17.0;; 
null;; www.xn----btblb0begerig5be.xn--p1ai;; 4;; 21.0;; 
null;; www.8a.ru;; 4;; 14.5;; 
null;; miruslug.info;; 4;; 14.5;; 
null;; minsk.cataloxy-by.ru;; 4;; 14.0;; 
null;; raexpert.ru;; 4;; 18.5;; 
null;; www.dairynews.ru;; 3;; 15.333333333333334;; 
null;; www.alta.ru;; 3;; 17.333333333333332;; 
null;; www.weblancer.net;; 3;; 10.0;; 
null;; maxi-karta.ru;; 3;; 26.0;; 
null;; www.organizations.ru;; 3;; 7.666666666666667;; 
null;; tmkmark.ru;; 3;; 19.333333333333332;; 
null;; www.profintel.ru;; 3;; 6.666666666666667;; 
null;; www.opton-techno.com;; 3;; 18.333333333333332;; 
null;; wek.ru;; 3;; 18.0;; 
null;; askont-plus.ru;; 3;; 25.333333333333332;; 
null;; www.integral.by;; 3;; 10.666666666666666;; 
null;; www.jobijoba.ru;; 3;; 17.0;; 
null;; sposad.blizko.ru;; 3;; 16.333333333333332;; 
null;; www.armaturka.ru;; 3;; 17.0;; 
null;; ooopk.ru;; 3;; 16.666666666666668;; 
null;; www.liveinternet.ru;; 3;; 20.0;; 
null;; krasnoyarsk.blizko.ru;; 3;; 22.333333333333332;; 
null;; lib.convdocs.org;; 3;; 22.0;; 
null;; www.likar.info;; 3;; 11.666666666666666;; 
null;; www.rospres.org;; 3;; 14.666666666666666;; 
null;; www.niikm.ru;; 3;; 11.333333333333334;; 
null;; www.npotec.ru;; 3;; 9.333333333333334;; 
null;; www.restate.ru;; 3;; 11.666666666666666;; 
null;; dp.vgorode.ua;; 3;; 26.0;; 
null;; www.vseinstrumenti.ru;; 3;; 18.333333333333332;; 
null;; okbvektor.ru;; 3;; 13.333333333333334;; 
null;; www.bizator.ru;; 3;; 22.333333333333332;; 
null;; mintmanga.com;; 3;; 17.333333333333332;; 
null;; www.pfrf.ru;; 3;; 9.333333333333334;; 
null;; edumarket.ru;; 3;; 14.666666666666666;; 
null;; www.promnavigator.ru;; 3;; 16.333333333333332;; 
null;; www.izhintel.ru;; 3;; 14.666666666666666;; 
null;; www.stop-book.com;; 3;; 23.666666666666668;; 
null;; bossham.ru;; 3;; 24.333333333333332;; 
null;; ufa.superjob.ru;; 3;; 19.666666666666668;; 
null;; gostrf.com;; 3;; 15.666666666666666;; 
null;; xn-----6kcg7babam4cdve0m.xn--p1ai;; 3;; 23.666666666666668;; 
null;; www.bokocorp.com;; 3;; 10.666666666666666;; 
null;; www.expostroy.ru;; 3;; 7.333333333333333;; 
null;; www.newlaser.ru;; 3;; 15.666666666666666;; 
null;; standartgost.ru;; 3;; 22.333333333333332;; 
null;; ati.su;; 3;; 12.666666666666666;; 
null;; otvet.mail.ru;; 3;; 17.666666666666668;; 
null;; www.dp.ru;; 3;; 19.666666666666668;; 
null;; b2b.sibur.ru;; 3;; 19.0;; 
null;; secandsafe.ru;; 3;; 15.333333333333334;; 
null;; www.rusbonds.ru;; 3;; 7.666666666666667;; 
null;; www.appbrain.com;; 3;; 20.333333333333332;; 
null;; www.otdih.pro;; 3;; 15.333333333333334;; 
null;; fb.ru;; 3;; 23.333333333333332;; 
null;; lobnya.tr-24.ru;; 3;; 15.666666666666666;; 
null;; xn--b1adeadlczpwx9m.xn--p1ai;; 3;; 15.0;; 
null;; www.biznet.ru;; 3;; 18.666666666666668;; 
null;; www.rabota66.ru;; 3;; 27.0;; 
null;; szap.gosnadzor.ru;; 3;; 14.666666666666666;; 
null;; www.izhevskinfo.ru;; 3;; 19.0;; 
null;; www.akseko.ru;; 3;; 19.333333333333332;; 
null;; orteka.ru;; 3;; 9.333333333333334;; 
null;; www.infox.ru;; 3;; 19.0;; 
null;; rankw.ru;; 3;; 20.0;; 
null;; forum.derev-grad.ru;; 3;; 14.0;; 
null;; comready.ru;; 3;; 14.666666666666666;; 
null;; www.pilot.ru;; 3;; 14.333333333333334;; 
null;; www.derev-grad.ru;; 3;; 8.333333333333334;; 
null;; cheloveknauka.com;; 3;; 17.666666666666668;; 
null;; rutube.ru;; 3;; 22.666666666666668;; 
null;; www.ilmaeco.ru;; 3;; 29.0;; 
null;; ru.trovit.com;; 3;; 19.333333333333332;; 
null;; orgpage.by;; 3;; 18.0;; 
null;; www.scribd.com;; 3;; 23.666666666666668;; 
null;; caddress.ru;; 3;; 12.666666666666666;; 
null;; biopharmtest.ru;; 3;; 16.666666666666668;; 
null;; www.kia.ru;; 3;; 7.333333333333333;; 
null;; 8sot.su;; 3;; 12.333333333333334;; 
null;; smtgroup.ru;; 3;; 9.333333333333334;; 
null;; www.barahla.net;; 3;; 13.333333333333334;; 
null;; tensor.ru;; 3;; 14.333333333333334;; 
null;; rarus.ru;; 3;; 18.666666666666668;; 
null;; www.nalog.ru;; 3;; 27.333333333333332;; 
null;; www.newsko.ru;; 3;; 11.0;; 
null;; yaroslavl.hh.ru;; 3;; 16.666666666666668;; 
null;; zdrav.expert;; 3;; 16.666666666666668;; 
null;; promecologiya.ru;; 3;; 9.666666666666666;; 
null;; baza.drom.ru;; 3;; 21.666666666666668;; 
null;; de.linkedin.com;; 3;; 16.666666666666668;; 
null;; sorvizbe.com;; 3;; 20.333333333333332;; 
null;; nl-nl.facebook.com;; 3;; 15.666666666666666;; 
null;; www.alvigo-group.com;; 3;; 21.333333333333332;; 
null;; zvonok.octo.net;; 3;; 12.0;; 
null;; kanzoboz.ru;; 3;; 17.666666666666668;; 
null;; obman.club;; 3;; 9.0;; 
null;; vladimir.cataloxy.ru;; 3;; 16.0;; 
null;; disclosure.ru;; 3;; 20.0;; 
null;; podolsk.cataloxy.ru;; 3;; 12.0;; 
null;; netcat.ru;; 3;; 9.666666666666666;; 
null;; armtorg.ru;; 3;; 17.666666666666668;; 
null;; www.integra.ru;; 3;; 13.0;; 
null;; zdravcity.ru;; 3;; 13.666666666666666;; 
null;; xn--g1alga.xn--p1ai;; 3;; 6.0;; 
null;; npk-nnov.ru;; 3;; 16.0;; 
null;; by.bizorg.su;; 3;; 15.0;; 
null;; kolomna.blizko.ru;; 3;; 14.333333333333334;; 
null;; xn----7sbaoujqjbfhxmld.xn--p1ai;; 3;; 20.0;; 
null;; flagma.ua;; 3;; 10.333333333333334;; 
null;; www.edimdoma.ru;; 3;; 4.666666666666667;; 
null;; iptv.zone;; 3;; 15.666666666666666;; 
null;; kidsoboz.ru;; 3;; 20.0;; 
null;; meganorm.ru;; 3;; 20.0;; 
null;; www.eldorado.ru;; 3;; 6.0;; 
null;; nizhniy-novgorod.gmstar.ru;; 3;; 15.666666666666666;; 
null;; lektsii.org;; 3;; 15.0;; 
null;; www.allinform.ru;; 3;; 20.333333333333332;; 
null;; www.popmech.ru;; 3;; 14.333333333333334;; 
null;; brokenstone.ru;; 3;; 13.0;; 
null;; korona-npf.ru;; 3;; 10.0;; 
null;; energz.ru;; 3;; 18.666666666666668;; 
null;; orgi.biz;; 3;; 17.333333333333332;; 
null;; sakhalin.info;; 3;; 18.666666666666668;; 
null;; www.stroyteh.ru;; 3;; 14.666666666666666;; 
null;; www.radek.ru;; 3;; 21.666666666666668;; 
null;; nsk.pulscen.ru;; 3;; 25.666666666666668;; 
null;; stavemz.ru;; 3;; 8.0;; 
null;; videodoc.ru;; 3;; 20.666666666666668;; 
null;; 100dorog.ru;; 3;; 21.333333333333332;; 
null;; fbr.info;; 3;; 26.666666666666668;; 
null;; play.google.com;; 3;; 19.666666666666668;; 
null;; www.ifns.su;; 3;; 20.333333333333332;; 
null;; www.hr-bo.ru;; 3;; 12.666666666666666;; 
null;; chemrar.ru;; 3;; 20.666666666666668;; 
null;; www.pc-potok.com;; 3;; 16.333333333333332;; 
null;; spb.infoskidka.ru;; 3;; 21.0;; 
null;; interfax-era.ru;; 3;; 20.333333333333332;; 
null;; krasnodar.blizko.ru;; 3;; 17.333333333333332;; 
null;; forum.ykt.ru;; 3;; 15.0;; 
null;; www.metalresearch.ru;; 3;; 6.666666666666667;; 
null;; vladivostok.infrus.ru;; 3;; 21.333333333333332;; 
null;; catalogue.natexpo.ru;; 3;; 6.333333333333333;; 
null;; sk-sc.ru;; 3;; 17.333333333333332;; 
null;; base.garant.ru;; 3;; 21.666666666666668;; 
null;; mp3no.net;; 3;; 17.0;; 
null;; www.htexporus.ru;; 3;; 14.0;; 
null;; www.remstroy-vrn.ru;; 3;; 14.333333333333334;; 
null;; www.xn--b1agnc3ahn.xn--p1ai;; 3;; 7.333333333333333;; 
null;; stroytorgi.ru;; 3;; 16.333333333333332;; 
null;; stroycentr39.ru;; 3;; 7.666666666666667;; 
null;; www.eapteka.ru;; 3;; 13.666666666666666;; 
null;; biotec.ru;; 3;; 28.333333333333332;; 
null;; moscow.mirstroek.ru;; 3;; 11.333333333333334;; 
null;; www.baikal-media.ru;; 3;; 19.666666666666668;; 
null;; fstec.ru;; 3;; 22.0;; 
null;; ntcbio.ru;; 3;; 20.666666666666668;; 
null;; www.nge.ru;; 3;; 21.0;; 
null;; www.rbd.su;; 3;; 12.666666666666666;; 
null;; ooo-stroycentr.ru;; 3;; 20.333333333333332;; 
null;; tula.cataloxy.ru;; 3;; 12.0;; 
null;; glac.ru;; 3;; 23.0;; 
null;; chelyabinsk.flamp.ru;; 3;; 17.666666666666668;; 
null;; ooo-gdc.ru;; 3;; 7.0;; 
null;; guns.allzip.org;; 3;; 13.666666666666666;; 
null;; www.anti-malware.ru;; 3;; 20.0;; 
null;; constr62.ru;; 3;; 8.333333333333334;; 
null;; www.mirf.ru;; 3;; 22.0;; 
null;; instamart.ru;; 3;; 22.666666666666668;; 
null;; himki.cataloxy.ru;; 3;; 20.333333333333332;; 
null;; t.rasp.yandex.ru;; 3;; 29.333333333333332;; 
null;; health.mail.ru;; 3;; 10.333333333333334;; 
null;; surgut.cataloxy.ru;; 3;; 9.666666666666666;; 
null;; docs.pravo.ru;; 3;; 18.333333333333332;; 
null;; www.myfitnesspal.com;; 3;; 11.666666666666666;; 
null;; pharmvestnik.ru;; 3;; 14.0;; 
null;; forum.yurclub.ru;; 3;; 16.666666666666668;; 
null;; volgastat.gks.ru;; 3;; 25.0;; 
null;; krasnodar.propartner.ru;; 3;; 25.0;; 
null;; www.meteoctx.ru;; 3;; 7.333333333333333;; 
null;; it-it.facebook.com;; 3;; 19.333333333333332;; 
null;; runet-id.com;; 3;; 6.333333333333333;; 
null;; npcsamara.ru;; 3;; 14.333333333333334;; 
null;; podolsk.rabota.ru;; 3;; 16.666666666666668;; 
null;; pk-ts.org;; 3;; 5.666666666666667;; 
null;; www.konstanta.su;; 3;; 5.333333333333333;; 
null;; en.52wmb.com;; 3;; 26.0;; 
null;; www.inkram.ru;; 3;; 14.0;; 
null;; www.rosalinux.ru;; 3;; 22.0;; 
null;; sv-se.facebook.com;; 3;; 20.666666666666668;; 
null;; clinics.medsovet.info;; 3;; 7.666666666666667;; 
null;; kanoner.com;; 3;; 20.333333333333332;; 
null;; kirov.cataloxy.ru;; 3;; 21.0;; 
null;; rud.exdat.com;; 3;; 26.333333333333332;; 
null;; lipetsk.cataloxy.ru;; 3;; 27.333333333333332;; 
null;; www.forbes.ru;; 3;; 18.333333333333332;; 
null;; www.cbr.ru;; 3;; 22.666666666666668;; 
null;; kiev.flagma.ua;; 3;; 15.333333333333334;; 
null;; uchcom.biz;; 3;; 19.666666666666668;; 
null;; www.nicexp.ru;; 3;; 14.333333333333334;; 
null;; igis.ru;; 3;; 21.0;; 
null;; contragento.by;; 3;; 17.333333333333332;; 
null;; diel.ru;; 3;; 23.0;; 
null;; refdb.ru;; 3;; 23.0;; 
null;; www.city-n.ru;; 3;; 23.333333333333332;; 
null;; www.moesk.ru;; 3;; 23.333333333333332;; 
null;; aptekamos.ru;; 3;; 11.6